[2020-05-14T10:13:29.329] [DEBUG] cheese - login => username:zs,password:123
[2020-05-14T10:13:29.331] [DEBUG] cheese - zs
[2020-05-14T10:13:29.351] [DEBUG] cheese - null
[2020-05-14T10:13:29.353] [DEBUG] cheese - null
[2020-05-14T10:14:09.716] [DEBUG] cheese - login => username:admin,password:123456
[2020-05-14T10:14:09.716] [DEBUG] cheese - admin
[2020-05-14T10:14:09.725] [DEBUG] cheese - null
[2020-05-14T10:14:09.725] [DEBUG] cheese - null
[2020-05-16T10:17:24.161] [DEBUG] cheese - login => username:aaa,password:aaa
[2020-05-16T10:17:24.163] [DEBUG] cheese - aaa
[2020-05-16T10:17:24.187] [DEBUG] cheese - null
[2020-05-16T10:17:24.188] [DEBUG] cheese - null
[2020-05-16T10:18:32.259] [DEBUG] cheese - login => username:aaa,password:aaa
[2020-05-16T10:18:32.259] [DEBUG] cheese - aaa
[2020-05-16T10:18:32.262] [DEBUG] cheese - null
[2020-05-16T10:18:32.262] [DEBUG] cheese - null
[2020-05-16T10:19:40.837] [DEBUG] cheese - login => username:aaa,password:aaa
[2020-05-16T10:19:40.837] [DEBUG] cheese - aaa
[2020-05-16T10:19:40.843] [DEBUG] cheese - null
[2020-05-16T10:19:40.843] [DEBUG] cheese - null
[2020-05-16T10:21:54.787] [DEBUG] cheese - login => username:aaa,password:aaa
[2020-05-16T10:21:54.787] [DEBUG] cheese - aaa
[2020-05-16T10:21:54.790] [DEBUG] cheese - null
[2020-05-16T10:21:54.790] [DEBUG] cheese - null
[2020-05-16T10:28:58.476] [DEBUG] cheese - login => username:aaa,password:aaa
[2020-05-16T10:28:58.477] [DEBUG] cheese - aaa
[2020-05-16T10:28:58.480] [DEBUG] cheese - null
[2020-05-16T10:28:58.480] [DEBUG] cheese - null
[2020-05-16T10:29:00.022] [DEBUG] cheese - login => username:aaa,password:aaa
[2020-05-16T10:29:00.023] [DEBUG] cheese - aaa
[2020-05-16T10:29:00.028] [DEBUG] cheese - null
[2020-05-16T10:29:00.028] [DEBUG] cheese - null
[2020-05-16T10:29:00.196] [DEBUG] cheese - login => username:aaa,password:aaa
[2020-05-16T10:29:00.196] [DEBUG] cheese - aaa
[2020-05-16T10:29:00.201] [DEBUG] cheese - null
[2020-05-16T10:29:00.201] [DEBUG] cheese - null
[2020-05-16T10:29:00.360] [DEBUG] cheese - login => username:aaa,password:aaa
[2020-05-16T10:29:00.360] [DEBUG] cheese - aaa
[2020-05-16T10:29:00.362] [DEBUG] cheese - null
[2020-05-16T10:29:00.363] [DEBUG] cheese - null
[2020-05-16T10:29:00.520] [DEBUG] cheese - login => username:aaa,password:aaa
[2020-05-16T10:29:00.520] [DEBUG] cheese - aaa
[2020-05-16T10:29:00.523] [DEBUG] cheese - null
[2020-05-16T10:29:00.523] [DEBUG] cheese - null
[2020-05-16T10:29:00.693] [DEBUG] cheese - login => username:aaa,password:aaa
[2020-05-16T10:29:00.693] [DEBUG] cheese - aaa
[2020-05-16T10:29:00.698] [DEBUG] cheese - null
[2020-05-16T10:29:00.698] [DEBUG] cheese - null
[2020-05-16T10:29:00.848] [DEBUG] cheese - login => username:aaa,password:aaa
[2020-05-16T10:29:00.848] [DEBUG] cheese - aaa
[2020-05-16T10:29:00.852] [DEBUG] cheese - null
[2020-05-16T10:29:00.852] [DEBUG] cheese - null
[2020-05-16T10:29:02.061] [DEBUG] cheese - login => username:aaa,password:aaa
[2020-05-16T10:29:02.061] [DEBUG] cheese - aaa
[2020-05-16T10:29:02.064] [DEBUG] cheese - null
[2020-05-16T10:29:02.064] [DEBUG] cheese - null
[2020-05-16T10:29:02.225] [DEBUG] cheese - login => username:aaa,password:aaa
[2020-05-16T10:29:02.225] [DEBUG] cheese - aaa
[2020-05-16T10:29:02.227] [DEBUG] cheese - null
[2020-05-16T10:29:02.228] [DEBUG] cheese - null
[2020-05-16T10:29:02.393] [DEBUG] cheese - login => username:aaa,password:aaa
[2020-05-16T10:29:02.393] [DEBUG] cheese - aaa
[2020-05-16T10:29:02.395] [DEBUG] cheese - null
[2020-05-16T10:29:02.395] [DEBUG] cheese - null
[2020-05-16T10:29:03.845] [DEBUG] cheese - login => username:aaa,password:aaa
[2020-05-16T10:29:03.845] [DEBUG] cheese - aaa
[2020-05-16T10:29:03.855] [DEBUG] cheese - null
[2020-05-16T10:29:03.856] [DEBUG] cheese - null
[2020-05-16T10:29:03.999] [DEBUG] cheese - login => username:aaa,password:aaa
[2020-05-16T10:29:03.999] [DEBUG] cheese - aaa
[2020-05-16T10:29:04.001] [DEBUG] cheese - null
[2020-05-16T10:29:04.002] [DEBUG] cheese - null
[2020-05-16T10:29:04.167] [DEBUG] cheese - login => username:aaa,password:aaa
[2020-05-16T10:29:04.167] [DEBUG] cheese - aaa
[2020-05-16T10:29:04.170] [DEBUG] cheese - null
[2020-05-16T10:29:04.170] [DEBUG] cheese - null
[2020-05-16T10:29:18.161] [DEBUG] cheese - login => username:admin,password:123456
[2020-05-16T10:29:18.162] [DEBUG] cheese - admin
[2020-05-16T10:29:18.172] [DEBUG] cheese - null
[2020-05-16T10:29:18.172] [DEBUG] cheese - null
[2020-05-16T10:29:20.179] [DEBUG] cheese - login => username:admin,password:123456
[2020-05-16T10:29:20.179] [DEBUG] cheese - admin
[2020-05-16T10:29:20.184] [DEBUG] cheese - null
[2020-05-16T10:29:20.184] [DEBUG] cheese - null
[2020-05-16T10:29:20.315] [DEBUG] cheese - login => username:admin,password:123456
[2020-05-16T10:29:20.315] [DEBUG] cheese - admin
[2020-05-16T10:29:20.317] [DEBUG] cheese - null
[2020-05-16T10:29:20.317] [DEBUG] cheese - null
[2020-05-16T10:29:20.470] [DEBUG] cheese - login => username:admin,password:123456
[2020-05-16T10:29:20.470] [DEBUG] cheese - admin
[2020-05-16T10:29:20.473] [DEBUG] cheese - null
[2020-05-16T10:29:20.474] [DEBUG] cheese - null
[2020-05-16T10:29:20.622] [DEBUG] cheese - login => username:admin,password:123456
[2020-05-16T10:29:20.623] [DEBUG] cheese - admin
[2020-05-16T10:29:20.625] [DEBUG] cheese - null
[2020-05-16T10:29:20.625] [DEBUG] cheese - null
[2020-05-16T10:29:20.790] [DEBUG] cheese - login => username:admin,password:123456
[2020-05-16T10:29:20.790] [DEBUG] cheese - admin
[2020-05-16T10:29:20.793] [DEBUG] cheese - null
[2020-05-16T10:29:20.793] [DEBUG] cheese - null
[2020-05-16T10:29:20.958] [DEBUG] cheese - login => username:admin,password:123456
[2020-05-16T10:29:20.958] [DEBUG] cheese - admin
[2020-05-16T10:29:20.961] [DEBUG] cheese - null
[2020-05-16T10:29:20.961] [DEBUG] cheese - null
[2020-05-16T10:37:50.011] [DEBUG] cheese - login => username:admin,password:123456
[2020-05-16T10:37:50.012] [DEBUG] cheese - admin
[2020-05-16T10:37:50.017] [DEBUG] cheese - null
[2020-05-16T10:37:50.018] [DEBUG] cheese - null
[2020-05-16T10:38:48.966] [DEBUG] cheese - login => username:admin,password:123456
[2020-05-16T10:38:48.966] [DEBUG] cheese - admin
[2020-05-16T10:38:48.968] [DEBUG] cheese - null
[2020-05-16T10:38:48.968] [DEBUG] cheese - null
